<?xml version="1.0" encoding="UTF-8"?>
<!DOCTYPE beans PUBLIC "-//SPRING?DTD BEAN//EN" "http://www.springframework.org/dtd/spring-beans.dtd">

<!--
 * Copyright (c) Open Source Strategies, Inc.
 * 
 * Opentaps is free software: you can redistribute it and/or modify it
 * under the terms of the GNU Affero General Public License as published
 * by the Free Software Foundation, either version 3 of the License, or
 * (at your option) any later version.
 *
 * Opentaps is distributed in the hope that it will be useful,
 * but WITHOUT ANY WARRANTY; without even the implied warranty of
 * MERCHANTABILITY or FITNESS FOR A PARTICULAR PURPOSE.  See the
 * GNU Affero General Public License for more details.
 *
 * You should have received a copy of the GNU Affero General Public License
 * along with Opentaps.  If not, see <http://www.gnu.org/licenses/>.
-->

<!-- this file demonstrates how you can add additional domains to a DomainsDirectory -->

<beans>

  <!-- specify an additional domain to be loaded -->
  <bean id="testDomain" class="org.opentaps.tests.domains.TestDomain"/>

</beans>
